vite v7.2.7 building ssr environment for production...
transforming...
✓ 11 modules transformed.
rendering chunks...
main/database-worker.js   9.13 kB
main/index.js            29.43 kB
✓ built in 422ms
vite v7.2.7 building ssr environment for production...
transforming...
✓ 1 modules transformed.
rendering chunks...
preload/preload.cjs  4.08 kB
✓ built in 22ms
vite v7.2.7 building client environment for production...
transforming...
✓ 43 modules transformed.
rendering chunks...
renderer/index.html                   0.70 kB
renderer/assets/index-CKTsS_fe.css   47.00 kB
renderer/assets/index-D2opbuwK.js   277.35 kB
✓ built in 2.67s
error during preview electron app:
Error: No electron app entry file found: /app/out/main/index.js
    at ensureElectronEntryFile (file:///app/node_modules/electron-vite/dist/chunks/lib-q6ns0vZr.js:113:23)
    at startElectron (file:///app/node_modules/electron-vite/dist/chunks/lib-q6ns0vZr.js:221:5)
    at preview (file:///app/node_modules/electron-vite/dist/chunks/lib-Dvh2Hokw.js:21:5)
    at async CAC.<anonymous> (file:///app/node_modules/electron-vite/dist/cli.js:109:9)
