
> mediaplayer-app@1.0.5 dev:web
> vite


  VITE v7.3.1  ready in 686 ms

  ➜  Local:   http://localhost:5173/
  ➜  Network: http://192.168.0.2:5173/
4:57:10 PM [vite] http proxy error: /api/albums
Error: connect ECONNREFUSED 127.0.0.1:3000
    at TCPConnectWrap.afterConnect [as oncomplete] (node:net:1637:16)
4:57:10 PM [vite] http proxy error: /api/directories
Error: connect ECONNREFUSED 127.0.0.1:3000
    at TCPConnectWrap.afterConnect [as oncomplete] (node:net:1637:16)
4:57:10 PM [vite] http proxy error: /api/smart-playlists
Error: connect ECONNREFUSED 127.0.0.1:3000
    at TCPConnectWrap.afterConnect [as oncomplete] (node:net:1637:16)
4:57:10 PM [vite] http proxy error: /api/config/extensions
Error: connect ECONNREFUSED 127.0.0.1:3000
    at TCPConnectWrap.afterConnect [as oncomplete] (node:net:1637:16)
5:04:11 PM [vite] (client) hmr update /src/renderer/components/MediaDisplay.vue, /src/renderer/assets/main.css?direct, /src/renderer/assets/main.css
5:04:16 PM [vite] (client) hmr update /src/renderer/assets/main.css?direct, /src/renderer/assets/main.css
5:04:16 PM [vite] (client) hmr update /src/renderer/assets/main.css?direct, /src/renderer/assets/main.css
5:04:39 PM [vite] (client) hmr update /src/renderer/assets/main.css?direct, /src/renderer/assets/main.css
5:05:24 PM [vite] (client) hmr update /src/renderer/assets/main.css?direct, /src/renderer/assets/main.css
5:06:23 PM [vite] (client) page reload src/client/index.html
5:06:23 PM [vite] (client) page reload src/client/index.html
5:14:13 PM [vite] (client) hmr update /src/renderer/assets/main.css?direct, /src/renderer/assets/main.css
5:14:45 PM [vite] (client) hmr update /src/renderer/assets/main.css?direct, /src/renderer/assets/main.css
5:15:50 PM [vite] (client) page reload src/client/index.html
5:15:50 PM [vite] (client) page reload src/client/index.html
5:25:57 PM [vite] (client) hmr update /src/renderer/assets/main.css?direct, /src/renderer/assets/main.css
5:27:50 PM [vite] (client) page reload src/client/index.html
5:27:50 PM [vite] (client) page reload src/client/index.html
5:27:50 PM [vite] (client) page reload src/client/index.html
5:34:34 PM [vite] (client) hmr update /src/renderer/assets/main.css?direct, /src/renderer/assets/main.css
5:35:38 PM [vite] (client) page reload src/client/index.html
5:35:38 PM [vite] (client) page reload src/client/index.html
5:38:10 PM [vite] (client) hmr update /src/renderer/assets/main.css?direct, /src/renderer/assets/main.css
5:39:25 PM [vite] (client) page reload src/client/index.html
5:39:25 PM [vite] (client) page reload src/client/index.html
5:39:25 PM [vite] (client) page reload src/client/index.html
5:41:15 PM [vite] (client) hmr update /src/renderer/assets/main.css?direct, /src/renderer/assets/main.css
5:42:15 PM [vite] (client) page reload src/client/index.html
5:42:15 PM [vite] (client) page reload src/client/index.html
5:42:15 PM [vite] (client) page reload src/client/index.html
5:49:20 PM [vite] (client) hmr update /src/renderer/assets/main.css?direct, /src/renderer/assets/main.css
5:50:23 PM [vite] (client) page reload src/client/index.html
5:50:23 PM [vite] (client) page reload src/client/index.html
5:52:02 PM [vite] (client) hmr update /src/renderer/assets/main.css?direct, /src/renderer/assets/main.css
5:53:08 PM [vite] (client) hmr update /src/renderer/components/MediaDisplay.vue, /src/renderer/assets/main.css?direct, /src/renderer/assets/main.css
5:54:32 PM [vite] (client) page reload src/client/index.html
5:54:32 PM [vite] (client) page reload src/client/index.html
5:54:32 PM [vite] (client) page reload src/client/index.html
